<?xml version="1.0" encoding="UTF-8"?>
<!-- Generated by org.testng.reporters.JUnitReportReporter -->
<testsuite hostname="DESKTOP-9B2JCSO" failures="0" tests="1" name="org.appiumpractice.Sample" time="0.022" errors="0" timestamp="2023-10-19T17:51:09 IST" skipped="0">
  <testcase classname="org.appiumpractice.Sample" name="tc1" time="0.022"/>
</testsuite> <!-- org.appiumpractice.Sample -->
